<?xml version="1.0" encoding="UTF-8"?>
<testsuite xmlns:xsi="http://www.w3.org/2001/XMLSchema-instance" xsi:schemaLocation="https://maven.apache.org/surefire/maven-surefire-plugin/xsd/surefire-test-report.xsd" name="by.epam.crackertracker.controller.UserControllerTest" time="0.17" tests="5" errors="0" skipped="0" failures="0">
  <properties>
[...]
</properties>
  <testcase name="testSelectAllAdmins" classname="by.epam.crackertracker.controller.UserControllerTest" time="0.028"/>
  <testcase name="testUpdateUser" classname="by.epam.crackertracker.controller.UserControllerTest" time="0.032"/>
  <testcase name="testRegistr" classname="by.epam.crackertracker.controller.UserControllerTest" time="0.031"/>
  <testcase name="testWrongUpdateUser" classname="by.epam.crackertracker.controller.UserControllerTest" time="0.022"/>
  <testcase name="testUpdateUserShouldForward" classname="by.epam.crackertracker.controller.UserControllerTest" time="0.031"/>
</testsuite>